0 verbose cli /usr/local/bin/node /usr/local/bin/npm
1 info using npm@8.19.3
2 info using node@v18.13.0
3 timing npm:load:whichnode Completed in 0ms
4 timing config:load:defaults Completed in 1ms
5 timing config:load:file:/usr/local/lib/node_modules/npm/npmrc Completed in 0ms
6 timing config:load:builtin Completed in 1ms
7 timing config:load:cli Completed in 1ms
8 timing config:load:env Completed in 0ms
9 timing config:load:project Completed in 1ms
10 timing config:load:file:/Users/caelius_consulting/Documents/GitHub/MarketBillingFramework/~/.npmrc Completed in 0ms
11 timing config:load:user Completed in 0ms
12 timing config:load:file:/usr/local/etc/npmrc Completed in 0ms
13 timing config:load:global Completed in 0ms
14 timing config:load:validate Completed in 0ms
15 timing config:load:credentials Completed in 1ms
16 timing config:load:setEnvs Completed in 1ms
17 timing config:load Completed in 6ms
18 timing npm:load:configload Completed in 6ms
19 timing npm:load:mkdirpcache Completed in 2ms
20 timing npm:load:mkdirplogs Completed in 0ms
21 verbose title npm install allure-commandline
22 verbose argv "install" "--global" "allure-commandline"
23 timing npm:load:setTitle Completed in 7ms
24 timing config:load:flatten Completed in 2ms
25 timing npm:load:display Completed in 3ms
26 verbose logfile logs-max:10 dir:/Users/caelius_consulting/Documents/GitHub/MarketBillingFramework/~/.npm/_logs
27 verbose logfile /Users/caelius_consulting/Documents/GitHub/MarketBillingFramework/~/.npm/_logs/2023-01-06T11_24_09_085Z-debug-0.log
28 timing npm:load:logFile Completed in 3ms
29 timing npm:load:timers Completed in 0ms
30 timing npm:load:configScope Completed in 0ms
31 timing npm:load Completed in 21ms
32 timing arborist:ctor Completed in 1ms
33 silly logfile done cleaning log files
34 timing idealTree:init Completed in 3ms
35 timing idealTree:userRequests Completed in 2ms
36 silly idealTree buildDeps
37 silly fetch manifest allure-commandline@*
38 http fetch GET 200 https://registry.npmjs.org/allure-commandline 11ms (cache hit)
39 silly placeDep ROOT allure-commandline@2.20.1 OK for:  want: *
40 timing idealTree:#root Completed in 16ms
41 timing idealTree:node_modules/allure-commandline Completed in 0ms
42 timing idealTree:buildDeps Completed in 16ms
43 timing idealTree:fixDepFlags Completed in 0ms
44 timing idealTree Completed in 22ms
45 timing reify:loadTrees Completed in 23ms
46 timing reify:diffTrees Completed in 1ms
47 silly reify moves {}
48 timing reify:retireShallow Completed in 1ms
49 timing reify:createSparse Completed in 0ms
50 timing reify:loadBundles Completed in 0ms
51 silly audit bulk request { 'allure-commandline': [ '2.20.1' ] }
52 timing reifyNode:node_modules/allure-commandline Completed in 210ms
53 timing reify:unpack Completed in 210ms
54 timing reify:unretire Completed in 0ms
55 timing build:queue Completed in 1ms
56 timing build:link:node_modules/allure-commandline Completed in 1ms
57 timing build:link Completed in 1ms
58 timing build:deps Completed in 2ms
59 timing build Completed in 2ms
60 timing reify:build Completed in 2ms
61 timing reify:trash Completed in 0ms
62 http fetch POST 200 https://registry.npmjs.org/-/npm/v1/security/advisories/bulk 606ms
63 timing auditReport:getReport Completed in 606ms
64 silly audit report {}
65 timing auditReport:init Completed in 0ms
66 timing reify:audit Completed in 607ms
67 timing reify Completed in 638ms
68 silly ADD node_modules/allure-commandline
69 timing command:install Completed in 641ms
70 verbose exit 0
71 timing npm Completed in 708ms
72 info ok
