0 verbose cli /usr/local/bin/node /usr/local/bin/npm
1 info using npm@8.19.3
2 info using node@v18.13.0
3 timing npm:load:whichnode Completed in 0ms
4 timing config:load:defaults Completed in 1ms
5 timing config:load:file:/usr/local/lib/node_modules/npm/npmrc Completed in 1ms
6 timing config:load:builtin Completed in 1ms
7 timing config:load:cli Completed in 1ms
8 timing config:load:env Completed in 0ms
9 timing config:load:file:/Users/caelius_consulting/Documents/GitHub/MarketBillingFramework/.npmrc Completed in 0ms
10 timing config:load:project Completed in 2ms
11 timing config:load:file:/Users/caelius_consulting/Documents/GitHub/MarketBillingFramework/~/.npmrc Completed in 0ms
12 timing config:load:user Completed in 0ms
13 timing config:load:file:/usr/local/etc/npmrc Completed in 0ms
14 timing config:load:global Completed in 0ms
15 timing config:load:validate Completed in 0ms
16 timing config:load:credentials Completed in 1ms
17 timing config:load:setEnvs Completed in 0ms
18 timing config:load Completed in 6ms
19 timing npm:load:configload Completed in 6ms
20 timing npm:load:mkdirpcache Completed in 3ms
21 timing npm:load:mkdirplogs Completed in 0ms
22 verbose title npm install allure-commandline
23 verbose argv "install" "allure-commandline"
24 timing npm:load:setTitle Completed in 7ms
25 timing config:load:flatten Completed in 2ms
26 timing npm:load:display Completed in 3ms
27 verbose logfile logs-max:10 dir:/Users/caelius_consulting/Documents/GitHub/MarketBillingFramework/~/.npm/_logs
28 verbose logfile /Users/caelius_consulting/Documents/GitHub/MarketBillingFramework/~/.npm/_logs/2023-01-06T11_22_32_495Z-debug-0.log
29 timing npm:load:logFile Completed in 3ms
30 timing npm:load:timers Completed in 0ms
31 timing npm:load:configScope Completed in 0ms
32 timing npm:load Completed in 22ms
33 timing arborist:ctor Completed in 0ms
34 silly logfile done cleaning log files
35 timing idealTree:init Completed in 7ms
36 timing idealTree:userRequests Completed in 1ms
37 silly idealTree buildDeps
38 silly fetch manifest allure-commandline@^2.20.1
39 verbose shrinkwrap failed to load node_modules/.package-lock.json out of date, updated: node_modules
40 http fetch GET 200 https://registry.npmjs.org/allure-commandline 11ms (cache hit)
41 silly placeDep ROOT allure-commandline@2.20.1 REPLACE for:  want: ^2.20.1
42 timing idealTree:#root Completed in 16ms
43 timing idealTree:node_modules/allure-commandline Completed in 0ms
44 timing idealTree:buildDeps Completed in 17ms
45 timing idealTree:fixDepFlags Completed in 0ms
46 timing idealTree Completed in 25ms
47 timing reify:loadTrees Completed in 26ms
48 timing reify:diffTrees Completed in 1ms
49 silly reify moves {}
50 timing reify:retireShallow Completed in 1ms
51 timing reify:createSparse Completed in 0ms
52 timing reify:loadBundles Completed in 0ms
53 silly audit bulk request { 'allure-commandline': [ '2.20.1' ] }
54 timing reify:unpack Completed in 1ms
55 timing reify:unretire Completed in 0ms
56 timing build:queue Completed in 0ms
57 timing build:deps Completed in 0ms
58 timing build Completed in 0ms
59 timing reify:build Completed in 0ms
60 timing reify:trash Completed in 0ms
61 timing reify:save Completed in 4ms
62 http fetch POST 200 https://registry.npmjs.org/-/npm/v1/security/advisories/bulk 627ms
63 timing auditReport:getReport Completed in 628ms
64 silly audit report {}
65 timing auditReport:init Completed in 0ms
66 timing reify:audit Completed in 628ms
67 timing reify Completed in 661ms
68 timing command:install Completed in 666ms
69 verbose exit 0
70 timing npm Completed in 735ms
71 info ok
